{"timestamp":"2026-03-28T07:20:01.073430Z","level":"info","event":"Stats instance was created in PID 7 but accessed in PID 214. Re-initializing.","logger":"airflow.stats","filename":"stats.py","lineno":57}
{"timestamp":"2026-03-28T07:20:01.513645Z","level":"info","event":"DAG bundles loaded: dags-folder, example_dags","logger":"airflow.dag_processing.bundles.manager.DagBundlesManager","filename":"manager.py","lineno":179}
{"timestamp":"2026-03-28T07:20:01.516038Z","level":"info","event":"Filling up the DagBag from /opt/airflow/dags/data_ingestion_dag.py","logger":"airflow.models.dagbag.BundleDagBag","filename":"dagbag.py","lineno":593}
{"timestamp":"2026-03-28T07:20:01.824121Z","level":"info","event":"Task instance is in running state","logger":"task.stdout"}
{"timestamp":"2026-03-28T07:20:01.824861Z","level":"info","event":" Previous state of the Task instance: TaskInstanceState.QUEUED","logger":"task.stdout"}
{"timestamp":"2026-03-28T07:20:01.825438Z","level":"info","event":"Current task name:transform_bronze_to_silver","logger":"task.stdout"}
{"timestamp":"2026-03-28T07:20:01.825883Z","level":"info","event":"Dag name:ingestion_api_to_minio","logger":"task.stdout"}
{"timestamp":"2026-03-28T07:20:02.716147Z","level":"info","event":"Đang đọc dữ liệu từ: s3://my-data-lake/bronze/api_posts/dt=2026-03-28/*.parquet","logger":"root","filename":"silver_transform.py","lineno":26}
{"timestamp":"2026-03-28T07:20:02.722318Z","level":"error","event":"Lỗi trong quá trình Transform: HTTP Error: HTTP GET error reading 's3://my-data-lake/bronze/api_posts/dt=2026-03-28' in region '' (HTTP 403 Forbidden)\n\nInvalidAccessKeyId: The Access Key Id you provided does not exist in our records.\n\nAuthentication Failure - this is usually caused by invalid or missing credentials.\n* Credentials are provided, but they did not work.\n* See https://duckdb.org/docs/stable/extensions/httpfs/s3api.html\n\nLINE 8:         FROM read_parquet('s3://my-data-lake/bronze/api_posts/dt=2026...\n                     ^","logger":"root","filename":"silver_transform.py","lineno":51}
{"timestamp":"2026-03-28T07:20:02.724952Z","level":"error","event":"Task failed with exception","logger":"task","filename":"task_runner.py","lineno":1186,"error_detail":[{"exc_type":"HTTPException","exc_value":"HTTP Error: HTTP GET error reading 's3://my-data-lake/bronze/api_posts/dt=2026-03-28' in region '' (HTTP 403 Forbidden)\n\nInvalidAccessKeyId: The Access Key Id you provided does not exist in our records.\n\nAuthentication Failure - this is usually caused by invalid or missing credentials.\n* Credentials are provided, but they did not work.\n* See https://duckdb.org/docs/stable/extensions/httpfs/s3api.html\n\nLINE 8:         FROM read_parquet('s3://my-data-lake/bronze/api_posts/dt=2026...\n                     ^","exc_notes":[],"syntax_error":null,"is_cause":false,"frames":[{"filename":"/home/airflow/.local/lib/python3.12/site-packages/airflow/sdk/execution_time/task_runner.py","lineno":1112,"name":"run"},{"filename":"/home/airflow/.local/lib/python3.12/site-packages/airflow/sdk/execution_time/task_runner.py","lineno":1528,"name":"_execute_task"},{"filename":"/home/airflow/.local/lib/python3.12/site-packages/airflow/sdk/bases/operator.py","lineno":417,"name":"wrapper"},{"filename":"/home/airflow/.local/lib/python3.12/site-packages/airflow/providers/standard/operators/python.py","lineno":228,"name":"execute"},{"filename":"/home/airflow/.local/lib/python3.12/site-packages/airflow/providers/standard/operators/python.py","lineno":251,"name":"execute_callable"},{"filename":"/home/airflow/.local/lib/python3.12/site-packages/airflow/sdk/execution_time/callback_runner.py","lineno":82,"name":"run"},{"filename":"/opt/airflow/dags/data_ingestion_dag.py","lineno":84,"name":"run_silver_layer"},{"filename":"/opt/airflow/dags/silver_transform.py","lineno":42,"name":"transform_bronze_to_silver"}],"is_group":false,"exceptions":[]}]}
{"timestamp":"2026-03-28T07:20:02.760295Z","level":"info","event":"Task instance in failure state","logger":"task.stdout"}
{"timestamp":"2026-03-28T07:20:02.761310Z","level":"info","event":"Task start","logger":"task.stdout"}
{"timestamp":"2026-03-28T07:20:02.767549Z","level":"info","event":"Task:<Task(PythonOperator): transform_bronze_to_silver>","logger":"task.stdout"}
{"timestamp":"2026-03-28T07:20:02.768242Z","level":"info","event":"Failure caused by HTTP Error: HTTP GET error reading 's3://my-data-lake/bronze/api_posts/dt=2026-03-28' in region '' (HTTP 403 Forbidden)","logger":"task.stdout"}
{"timestamp":"2026-03-28T07:20:02.768816Z","level":"info","event":"","logger":"task.stdout"}
{"timestamp":"2026-03-28T07:20:02.769241Z","level":"info","event":"InvalidAccessKeyId: The Access Key Id you provided does not exist in our records.","logger":"task.stdout"}
{"timestamp":"2026-03-28T07:20:02.769656Z","level":"info","event":"","logger":"task.stdout"}
{"timestamp":"2026-03-28T07:20:02.770088Z","level":"info","event":"Authentication Failure - this is usually caused by invalid or missing credentials.","logger":"task.stdout"}
{"timestamp":"2026-03-28T07:20:02.770462Z","level":"info","event":"* Credentials are provided, but they did not work.","logger":"task.stdout"}
{"timestamp":"2026-03-28T07:20:02.770852Z","level":"info","event":"* See https://duckdb.org/docs/stable/extensions/httpfs/s3api.html","logger":"task.stdout"}
{"timestamp":"2026-03-28T07:20:02.771483Z","level":"info","event":"","logger":"task.stdout"}
{"timestamp":"2026-03-28T07:20:02.771933Z","level":"info","event":"LINE 8:         FROM read_parquet('s3://my-data-lake/bronze/api_posts/dt=2026...","logger":"task.stdout"}
{"timestamp":"2026-03-28T07:20:02.772399Z","level":"info","event":"                     ^","logger":"task.stdout"}
