{"timestamp":"2026-03-28T07:22:53.178743Z","level":"info","event":"Stats instance was created in PID 7 but accessed in PID 445. Re-initializing.","logger":"airflow.stats","filename":"stats.py","lineno":57}
{"timestamp":"2026-03-28T07:22:53.512082Z","level":"info","event":"DAG bundles loaded: dags-folder, example_dags","logger":"airflow.dag_processing.bundles.manager.DagBundlesManager","filename":"manager.py","lineno":179}
{"timestamp":"2026-03-28T07:22:53.514358Z","level":"info","event":"Filling up the DagBag from /opt/airflow/dags/data_ingestion_dag.py","logger":"airflow.models.dagbag.BundleDagBag","filename":"dagbag.py","lineno":593}
{"timestamp":"2026-03-28T07:22:53.727957Z","level":"warning","event":"The `airflow.hooks.base.BaseHook` attribute is deprecated. Please use `'airflow.sdk.bases.hook.BaseHook'`.","category":"DeprecatedImportWarning","filename":"/opt/airflow/dags/silver_transform.py","lineno":5,"logger":"py.warnings"}
{"timestamp":"2026-03-28T07:22:53.754096Z","level":"info","event":"Task instance is in running state","logger":"task.stdout"}
{"timestamp":"2026-03-28T07:22:53.754822Z","level":"info","event":" Previous state of the Task instance: TaskInstanceState.QUEUED","logger":"task.stdout"}
{"timestamp":"2026-03-28T07:22:53.755462Z","level":"info","event":"Current task name:extract_transform_local","logger":"task.stdout"}
{"timestamp":"2026-03-28T07:22:53.756032Z","level":"info","event":"Dag name:ingestion_api_to_minio","logger":"task.stdout"}
{"timestamp":"2026-03-28T07:22:53.756319Z","level":"info","event":"Local extract path for this run: /tmp/airflow_data/posts_2026-03-28_manual__2026-03-28T07_22_51.933260_00_00.parquet","logger":"root","filename":"data_ingestion_dag.py","lineno":40}
{"timestamp":"2026-03-28T07:22:53.756464Z","level":"info","event":"ingestion_script: writing parquet to explicit path /tmp/airflow_data/posts_2026-03-28_manual__2026-03-28T07_22_51.933260_00_00.parquet","logger":"root","filename":"ingestion_script.py","lineno":154}
{"timestamp":"2026-03-28T07:22:53.756528Z","level":"info","event":"Bắt đầu lấy dữ liệu từ https://jsonplaceholder.typicode.com/posts","logger":"root","filename":"ingestion_script.py","lineno":23}
{"timestamp":"2026-03-28T07:22:53.990257Z","level":"info","event":"Lấy thành công 100 phần tử từ API.","logger":"root","filename":"ingestion_script.py","lineno":43}
{"timestamp":"2026-03-28T07:22:53.992179Z","level":"info","event":"Bắt đầu xử lý dữ liệu (Transform)...","logger":"root","filename":"ingestion_script.py","lineno":61}
{"timestamp":"2026-03-28T07:22:54.008213Z","level":"info","event":"Hoàn thành Transform. shape=(100, 4)","logger":"root","filename":"ingestion_script.py","lineno":120}
{"timestamp":"2026-03-28T07:22:54.008646Z","level":"info","event":"Bắt đầu lưu dữ liệu ra file /tmp/airflow_data/posts_2026-03-28_manual__2026-03-28T07_22_51.933260_00_00.parquet...","logger":"root","filename":"ingestion_script.py","lineno":139}
{"timestamp":"2026-03-28T07:22:54.025465Z","level":"info","event":"Lưu dữ liệu thành công!","logger":"root","filename":"ingestion_script.py","lineno":142}
{"timestamp":"2026-03-28T07:22:54.025754Z","level":"info","event":"Done. Returned value was: /tmp/airflow_data/posts_2026-03-28_manual__2026-03-28T07_22_51.933260_00_00.parquet","logger":"airflow.task.operators.airflow.providers.standard.operators.python.PythonOperator","filename":"python.py","lineno":230}
{"timestamp":"2026-03-28T07:22:54.026012Z","level":"info","event":"Pushing xcom","ti":"RuntimeTaskInstance(id=UUID('019d3353-04ad-700e-9151-42ae37d9a2f6'), task_id='extract_transform_local', dag_id='ingestion_api_to_minio', run_id='manual__2026-03-28T07:22:51.933260+00:00', try_number=1, dag_version_id=UUID('019d334d-042f-74f3-9319-fff90683780a'), map_index=-1, hostname='c30994aa080c', context_carrier={}, task=<Task(PythonOperator): extract_transform_local>, bundle_instance=LocalDagBundle(name=dags-folder), max_tries=1, start_date=datetime.datetime(2026, 3, 28, 7, 22, 52, 898877, tzinfo=datetime.timezone.utc), end_date=None, state=<TaskInstanceState.RUNNING: 'running'>, is_mapped=False, rendered_map_index=None)","logger":"task","filename":"task_runner.py","lineno":1573}
{"timestamp":"2026-03-28T07:22:54.057557Z","level":"info","event":"Task instance in success state","logger":"task.stdout"}
{"timestamp":"2026-03-28T07:22:54.059100Z","level":"info","event":" Previous state of the Task instance: TaskInstanceState.RUNNING","logger":"task.stdout"}
{"timestamp":"2026-03-28T07:22:54.059802Z","level":"info","event":"Task operator:<Task(PythonOperator): extract_transform_local>","logger":"task.stdout"}
