{"timestamp":"2026-03-28T04:33:33.748679Z","level":"info","event":"Stats instance was created in PID 8 but accessed in PID 108. Re-initializing.","logger":"airflow.stats","filename":"stats.py","lineno":57}
{"timestamp":"2026-03-28T04:33:34.251815Z","level":"info","event":"DAG bundles loaded: dags-folder, example_dags","logger":"airflow.dag_processing.bundles.manager.DagBundlesManager","filename":"manager.py","lineno":179}
{"timestamp":"2026-03-28T04:33:34.254352Z","level":"info","event":"Filling up the DagBag from /opt/airflow/dags/data_ingestion_dag.py","logger":"airflow.models.dagbag.BundleDagBag","filename":"dagbag.py","lineno":593}
{"timestamp":"2026-03-28T04:33:34.335952Z","level":"warning","event":"The `airflow.operators.python.PythonOperator` attribute is deprecated. Please use `'airflow.providers.standard.operators.python.PythonOperator'`.","category":"DeprecatedImportWarning","filename":"/opt/airflow/dags/data_ingestion_dag.py","lineno":4,"logger":"py.warnings"}
{"timestamp":"2026-03-28T04:33:34.403037Z","level":"info","event":"Task instance is in running state","logger":"task.stdout"}
{"timestamp":"2026-03-28T04:33:34.403699Z","level":"info","event":" Previous state of the Task instance: TaskInstanceState.QUEUED","logger":"task.stdout"}
{"timestamp":"2026-03-28T04:33:34.404115Z","level":"info","event":"Current task name:extract_transform_load_api_data","logger":"task.stdout"}
{"timestamp":"2026-03-28T04:33:34.404648Z","level":"info","event":"Dag name:daily_api_to_parquet_ingestion","logger":"task.stdout"}
{"timestamp":"2026-03-28T04:33:34.405396Z","level":"info","event":"ingestion_script: OUTPUT_DIR=/opt/airflow/data (set INGESTION_OUTPUT_DIR to override)","logger":"root","filename":"ingestion_script.py","lineno":90}
{"timestamp":"2026-03-28T04:33:34.406152Z","level":"info","event":"ingestion_script: writing parquet to /opt/airflow/data/posts_data_2026-03-28.parquet","logger":"root","filename":"ingestion_script.py","lineno":96}
{"timestamp":"2026-03-28T04:33:34.406282Z","level":"info","event":"Bắt đầu lấy dữ liệu từ https://jsonplaceholder.typicode.com/posts","logger":"root","filename":"ingestion_script.py","lineno":19}
{"timestamp":"2026-03-28T04:33:34.600079Z","level":"info","event":"Lấy thành công 100 bản ghi.","logger":"root","filename":"ingestion_script.py","lineno":26}
{"timestamp":"2026-03-28T04:33:34.601757Z","level":"info","event":"Bắt đầu xử lý dữ liệu (Transform)...","logger":"root","filename":"ingestion_script.py","lineno":44}
{"timestamp":"2026-03-28T04:33:34.609473Z","level":"info","event":"Hoàn thành Transform. Kích thước DataFrame hiện tại: (100, 4)","logger":"root","filename":"ingestion_script.py","lineno":70}
{"timestamp":"2026-03-28T04:33:34.609728Z","level":"info","event":"Bắt đầu lưu dữ liệu ra file /opt/airflow/data/posts_data_2026-03-28.parquet...","logger":"root","filename":"ingestion_script.py","lineno":79}
{"timestamp":"2026-03-28T04:33:34.678452Z","level":"info","event":"Lưu dữ liệu thành công!","logger":"root","filename":"ingestion_script.py","lineno":83}
{"timestamp":"2026-03-28T04:33:34.678706Z","level":"info","event":"Done. Returned value was: None","logger":"airflow.task.operators.airflow.providers.standard.operators.python.PythonOperator","filename":"python.py","lineno":230}
{"timestamp":"2026-03-28T04:33:34.704150Z","level":"info","event":"Task instance in success state","logger":"task.stdout"}
{"timestamp":"2026-03-28T04:33:34.704957Z","level":"info","event":" Previous state of the Task instance: TaskInstanceState.RUNNING","logger":"task.stdout"}
{"timestamp":"2026-03-28T04:33:34.705366Z","level":"info","event":"Task operator:<Task(PythonOperator): extract_transform_load_api_data>","logger":"task.stdout"}
